2024-03-17 23:25:03,873 - DEBUG - Starting new HTTPS connection (1): huggingface.co:443
2024-03-17 23:25:04,080 - DEBUG - https://huggingface.co:443 "GET /api/datasets/code_search_net HTTP/1.1" 200 7728
2024-03-17 23:25:04,085 - DEBUG - Starting new HTTPS connection (1): s3.amazonaws.com:443
2024-03-17 23:25:04,335 - DEBUG - https://s3.amazonaws.com:443 "HEAD /datasets.huggingface.co/datasets/datasets/code_search_net/code_search_net.py HTTP/1.1" 404 0
2024-03-17 23:25:04,341 - DEBUG - Starting new HTTPS connection (1): datasets-server.huggingface.co:443
2024-03-17 23:25:04,686 - DEBUG - https://datasets-server.huggingface.co:443 "GET /parquet?dataset=code_search_net HTTP/1.1" 200 None
2024-03-17 23:25:04,692 - DEBUG - Starting new HTTPS connection (1): s3.amazonaws.com:443
2024-03-17 23:25:04,950 - DEBUG - https://s3.amazonaws.com:443 "HEAD /datasets.huggingface.co/datasets/datasets/code_search_net/code_search_net.py HTTP/1.1" 404 0
2024-03-17 23:25:04,957 - DEBUG - Starting new HTTPS connection (1): huggingface.co:443
2024-03-17 23:25:05,129 - DEBUG - https://huggingface.co:443 "HEAD /datasets/code_search_net/resolve/main/code_search_net.py HTTP/1.1" 200 0
2024-03-17 23:25:05,136 - DEBUG - Starting new HTTPS connection (1): huggingface.co:443
2024-03-17 23:25:05,293 - DEBUG - https://huggingface.co:443 "HEAD /datasets/code_search_net/resolve/main/dataset_infos.json HTTP/1.1" 404 0
2024-03-17 23:25:05,298 - DEBUG - Starting new HTTPS connection (1): huggingface.co:443
2024-03-17 23:25:05,457 - DEBUG - https://huggingface.co:443 "HEAD /datasets/code_search_net/resolve/main/README.md HTTP/1.1" 200 0
2024-03-17 23:25:05,518 - DEBUG - Attempting to acquire lock 140406780641616 on /home/user1-selab3/.cache/huggingface/datasets/_home_user1-selab3_.cache_huggingface_datasets_code_search_net_java_1.0.0_8f2524e6b62f65af5f5d65c53715c654db7b08dc93e0b7bcce2ab2f286a75be1.lock
2024-03-17 23:25:05,518 - DEBUG - Lock 140406780641616 acquired on /home/user1-selab3/.cache/huggingface/datasets/_home_user1-selab3_.cache_huggingface_datasets_code_search_net_java_1.0.0_8f2524e6b62f65af5f5d65c53715c654db7b08dc93e0b7bcce2ab2f286a75be1.lock
2024-03-17 23:25:05,519 - DEBUG - open file: /home/user1-selab3/.cache/huggingface/datasets/code_search_net/java/1.0.0/8f2524e6b62f65af5f5d65c53715c654db7b08dc93e0b7bcce2ab2f286a75be1/dataset_info.json
2024-03-17 23:25:05,519 - DEBUG - Attempting to release lock 140406780641616 on /home/user1-selab3/.cache/huggingface/datasets/_home_user1-selab3_.cache_huggingface_datasets_code_search_net_java_1.0.0_8f2524e6b62f65af5f5d65c53715c654db7b08dc93e0b7bcce2ab2f286a75be1.lock
2024-03-17 23:25:05,519 - DEBUG - Lock 140406780641616 released on /home/user1-selab3/.cache/huggingface/datasets/_home_user1-selab3_.cache_huggingface_datasets_code_search_net_java_1.0.0_8f2524e6b62f65af5f5d65c53715c654db7b08dc93e0b7bcce2ab2f286a75be1.lock
2024-03-17 23:25:05,542 - DEBUG - Attempting to acquire lock 140407206624336 on /home/user1-selab3/.cache/huggingface/datasets/code_search_net/java/1.0.0/8f2524e6b62f65af5f5d65c53715c654db7b08dc93e0b7bcce2ab2f286a75be1_builder.lock
2024-03-17 23:25:05,542 - DEBUG - Lock 140407206624336 acquired on /home/user1-selab3/.cache/huggingface/datasets/code_search_net/java/1.0.0/8f2524e6b62f65af5f5d65c53715c654db7b08dc93e0b7bcce2ab2f286a75be1_builder.lock
2024-03-17 23:25:05,542 - DEBUG - open file: /home/user1-selab3/.cache/huggingface/datasets/code_search_net/java/1.0.0/8f2524e6b62f65af5f5d65c53715c654db7b08dc93e0b7bcce2ab2f286a75be1/dataset_info.json
2024-03-17 23:25:05,542 - DEBUG - Attempting to release lock 140407206624336 on /home/user1-selab3/.cache/huggingface/datasets/code_search_net/java/1.0.0/8f2524e6b62f65af5f5d65c53715c654db7b08dc93e0b7bcce2ab2f286a75be1_builder.lock
2024-03-17 23:25:05,542 - DEBUG - Lock 140407206624336 released on /home/user1-selab3/.cache/huggingface/datasets/code_search_net/java/1.0.0/8f2524e6b62f65af5f5d65c53715c654db7b08dc93e0b7bcce2ab2f286a75be1_builder.lock
2024-03-17 23:25:05,631 - DEBUG - https://huggingface.co:443 "HEAD /microsoft/codebert-base-mlm/resolve/main/tokenizer_config.json HTTP/1.1" 200 0
2024-03-17 23:25:05,988 - INFO - Data splitting information:
2024-03-17 23:25:05,988 - INFO - +------------+-------+
|   Split    |  Size |
+------------+-------+
|   Train    | 12000 |
| Validation |  1500 |
|    Test    |  1500 |
+------------+-------+
2024-03-17 23:25:06,104 - DEBUG - https://huggingface.co:443 "HEAD /microsoft/codebert-base-mlm/resolve/main/config.json HTTP/1.1" 200 0
2024-03-17 23:25:06,867 - DEBUG - Popen(['git', 'version'], cwd=/home/user1-selab3/shradha_test/HFTrainings, stdin=None, shell=False, universal_newlines=False)
2024-03-17 23:25:06,870 - DEBUG - Popen(['git', 'version'], cwd=/home/user1-selab3/shradha_test/HFTrainings, stdin=None, shell=False, universal_newlines=False)
2024-03-17 23:25:06,877 - DEBUG - Trying paths: ['/home/user1-selab3/.docker/config.json', '/home/user1-selab3/.dockercfg']
2024-03-17 23:25:06,877 - DEBUG - No config file found
2024-03-17 23:25:06,950 - DEBUG - [Tracing] Create new propagation context: {'trace_id': 'caec8a821da84ed88367bcf4ad6eb6a7', 'span_id': '9c628707625e7a08', 'parent_span_id': None, 'dynamic_sampling_context': None}
2024-03-17 23:25:07,063 - DEBUG - https://huggingface.co:443 "POST /api/repos/create HTTP/1.1" 409 107
2024-03-17 23:25:13,081 - DEBUG - Popen(['git', 'rev-parse', '--show-toplevel'], cwd=/home/user1-selab3/shradha_test/HFTrainings, stdin=None, shell=False, universal_newlines=False)
2024-03-17 23:25:13,084 - DEBUG - Popen(['git', 'rev-parse', '--show-toplevel'], cwd=/home/user1-selab3/shradha_test/HFTrainings, stdin=None, shell=False, universal_newlines=False)
2024-03-17 23:25:13,702 - DEBUG - no default config file found in config-defaults.yaml
2024-03-17 23:25:13,706 - INFO - Entropy: 1.2019
2024-03-17 23:25:13,706 - INFO - Perplexity: 3.33
2024-03-17 23:25:13,706 - INFO - Loss: 1.20
2024-03-17 23:29:25,063 - INFO - Entropy: 0.4502
2024-03-17 23:29:25,063 - INFO - Perplexity: 1.57
2024-03-17 23:29:25,063 - INFO - Loss: 0.45
2024-03-17 23:29:26,032 - DEBUG - Resetting dropped connection: huggingface.co
2024-03-17 23:29:26,226 - DEBUG - https://huggingface.co:443 "GET /api/models/microsoft/codebert-base-mlm HTTP/1.1" 200 1322
2024-03-17 23:29:27,525 - DEBUG - https://huggingface.co:443 "POST /api/models/shradha01/MLM_FinetunedModel/preupload/main HTTP/1.1" 200 3967
2024-03-17 23:29:27,677 - DEBUG - https://huggingface.co:443 "POST /shradha01/MLM_FinetunedModel.git/info/lfs/objects/batch HTTP/1.1" 200 14594
2024-03-17 23:29:27,686 - DEBUG - Starting new HTTPS connection (1): hf-hub-lfs-us-east-1.s3-accelerate.amazonaws.com:443
2024-03-17 23:29:27,692 - DEBUG - Starting new HTTPS connection (1): hf-hub-lfs-us-east-1.s3-accelerate.amazonaws.com:443
2024-03-17 23:29:27,697 - DEBUG - Starting new HTTPS connection (1): hf-hub-lfs-us-east-1.s3-accelerate.amazonaws.com:443
2024-03-17 23:29:27,702 - DEBUG - Starting new HTTPS connection (1): hf-hub-lfs-us-east-1.s3-accelerate.amazonaws.com:443
2024-03-17 23:29:27,706 - DEBUG - Starting new HTTPS connection (1): hf-hub-lfs-us-east-1.s3-accelerate.amazonaws.com:443
2024-03-17 23:29:28,043 - DEBUG - https://hf-hub-lfs-us-east-1.s3-accelerate.amazonaws.com:443 "PUT /repos/3e/9d/3e9d634d88080d9b990b6fc7e53431e479c139ccf03b43a38cf951c0067b93a4/e2962b371fa760c7db0e8a5a46b6cb2f2f0478b1d5f95ac1d82188fe4ac84c9e?X-Amz-Algorithm=AWS4-HMAC-SHA256&X-Amz-Content-Sha256=UNSIGNED-PAYLOAD&X-Amz-Credential=AKIA2JU7TKAQFN2FTF47%2F20240318%2Fus-east-1%2Fs3%2Faws4_request&X-Amz-Date=20240318T042927Z&X-Amz-Expires=86400&X-Amz-Signature=53ae6f7e59c0ae4a8c867e24bf6bba85a8d1d39b79c1c8c68bc3a1a0cea1634a&X-Amz-SignedHeaders=host&partNumber=1&uploadId=d8MlpymsvM0sJYJ7WQiT53czWoB2ednTbd42S634cZKx.uCSGsKGs7usWFpuBzVBNtY5rs0nSm_AS85YmhqsDtlmxHjgOr5s1.qbOkDi5pNSu88SCKpOVM6pJs3Qv4Gp&x-id=UploadPart HTTP/1.1" 200 0
2024-03-17 23:29:28,044 - DEBUG - https://hf-hub-lfs-us-east-1.s3-accelerate.amazonaws.com:443 "PUT /repos/3e/9d/3e9d634d88080d9b990b6fc7e53431e479c139ccf03b43a38cf951c0067b93a4/e86d8556bb1559fce9bafe9c7fb2c8e42c99609e0e960dddc431d443b55949ea?X-Amz-Algorithm=AWS4-HMAC-SHA256&X-Amz-Content-Sha256=UNSIGNED-PAYLOAD&X-Amz-Credential=AKIA2JU7TKAQFN2FTF47%2F20240318%2Fus-east-1%2Fs3%2Faws4_request&X-Amz-Date=20240318T042927Z&X-Amz-Expires=86400&X-Amz-Signature=0af6c982544c329bcbf01694d02b6d62c8057fe5a332e96c5835b1d664bd3094&X-Amz-SignedHeaders=host&partNumber=1&uploadId=pRm0_IACWUQqr6Tb8aoqLeLVzMHWtfKMNzzzKv4x_4f4OZCziyhSo7PJspPbfAulvrALnBcDYLUjpEZbAAb_E5rFQEQHSfQq1.pZDOhVNaW3mIixGJnHI.WgG.NIvrxa&x-id=UploadPart HTTP/1.1" 200 0
2024-03-17 23:29:28,045 - DEBUG - https://hf-hub-lfs-us-east-1.s3-accelerate.amazonaws.com:443 "PUT /repos/3e/9d/3e9d634d88080d9b990b6fc7e53431e479c139ccf03b43a38cf951c0067b93a4/fad6f6e95550be5ec49e309e1b025c6d13e748937d074ba4ebf6585bbe6b7410?X-Amz-Algorithm=AWS4-HMAC-SHA256&X-Amz-Content-Sha256=UNSIGNED-PAYLOAD&X-Amz-Credential=AKIA2JU7TKAQFN2FTF47%2F20240318%2Fus-east-1%2Fs3%2Faws4_request&X-Amz-Date=20240318T042927Z&X-Amz-Expires=86400&X-Amz-Signature=f0db636903c7ca8f8f9113f013155a5154f693fdf0e6d6ee0f9a78183651cd17&X-Amz-SignedHeaders=host&partNumber=1&uploadId=ifbA5EUN4YoSvJYVR4_pcY.f6u1NoECigi6aIQPGydXHoJQYjpCNcd7tCwTxaewSFlQ8WTfDe6R1p8jRPlt5IIkNY6XxXLsoOomJBs7LQrwXqZIOindljSpKI.Y42RFr&x-id=UploadPart HTTP/1.1" 200 0
2024-03-17 23:29:28,050 - DEBUG - https://hf-hub-lfs-us-east-1.s3-accelerate.amazonaws.com:443 "PUT /repos/3e/9d/3e9d634d88080d9b990b6fc7e53431e479c139ccf03b43a38cf951c0067b93a4/64367b14b3c47c5eafdf01e84097ea4357d8268f84f99e9ba33c112894582e0b?X-Amz-Algorithm=AWS4-HMAC-SHA256&X-Amz-Content-Sha256=UNSIGNED-PAYLOAD&X-Amz-Credential=AKIA2JU7TKAQFN2FTF47%2F20240318%2Fus-east-1%2Fs3%2Faws4_request&X-Amz-Date=20240318T042927Z&X-Amz-Expires=86400&X-Amz-Signature=e5c691464e163619767fa1e20b571772b44cf89f9b56ea8e1d8c1571f54aaf6c&X-Amz-SignedHeaders=host&partNumber=1&uploadId=2exNZVmyGltMJES2NshXuaAj0ijC2a0KSmFxFeDYtbHtiFUxpqDQKhPtHeTA9twtFPx2LI4ff3n_7jG.imjMKaO0NonY5Moq7Ozte3uxMlMzWwYQgdsgebyR_EI6vkS8&x-id=UploadPart HTTP/1.1" 200 0
2024-03-17 23:29:28,052 - DEBUG - Starting new HTTPS connection (1): huggingface.co:443
2024-03-17 23:29:28,055 - DEBUG - Starting new HTTPS connection (1): huggingface.co:443
2024-03-17 23:29:28,060 - DEBUG - Starting new HTTPS connection (1): huggingface.co:443
2024-03-17 23:29:28,061 - DEBUG - https://hf-hub-lfs-us-east-1.s3-accelerate.amazonaws.com:443 "PUT /repos/3e/9d/3e9d634d88080d9b990b6fc7e53431e479c139ccf03b43a38cf951c0067b93a4/3cbf09773f7dc0fb8a92407a0bb921f7e2cb585de2577f44dfaf26f89e1713fe?X-Amz-Algorithm=AWS4-HMAC-SHA256&X-Amz-Content-Sha256=UNSIGNED-PAYLOAD&X-Amz-Credential=AKIA2JU7TKAQFN2FTF47%2F20240318%2Fus-east-1%2Fs3%2Faws4_request&X-Amz-Date=20240318T042927Z&X-Amz-Expires=86400&X-Amz-Signature=09d9ee43907d9ea781647b76424523164e10d35072146a0c2b8a7b662f39ce83&X-Amz-SignedHeaders=host&partNumber=1&uploadId=Ogad4GaW5FGxCePOyy0rOhDf20rzp7HqYt5MqGrME3ctUJqkCamotm68nJVTY88vM3CxAZ.dSN6faLreAMyrXGORhx_L6W8nRtNHLv70ypN7zhDx1JMD1fPnxb97qK_H&x-id=UploadPart HTTP/1.1" 200 0
2024-03-17 23:29:28,062 - DEBUG - Starting new HTTPS connection (1): huggingface.co:443
2024-03-17 23:29:28,066 - DEBUG - Starting new HTTPS connection (1): huggingface.co:443
2024-03-17 23:29:28,431 - DEBUG - https://huggingface.co:443 "POST /api/complete_multipart?uploadId=d8MlpymsvM0sJYJ7WQiT53czWoB2ednTbd42S634cZKx.uCSGsKGs7usWFpuBzVBNtY5rs0nSm_AS85YmhqsDtlmxHjgOr5s1.qbOkDi5pNSu88SCKpOVM6pJs3Qv4Gp&bucket=hf-hub-lfs-us-east-1&prefix=repos%2F3e%2F9d%2F3e9d634d88080d9b990b6fc7e53431e479c139ccf03b43a38cf951c0067b93a4&expiration=Tue%2C+19+Mar+2024+04%3A29%3A27+GMT&signature=84f2f324aa32f8e75796085d64192298be7e98afaf8a1f57f7bcc37c36a9abd7 HTTP/1.1" 200 16
2024-03-17 23:29:28,440 - DEBUG - https://huggingface.co:443 "POST /api/complete_multipart?uploadId=2exNZVmyGltMJES2NshXuaAj0ijC2a0KSmFxFeDYtbHtiFUxpqDQKhPtHeTA9twtFPx2LI4ff3n_7jG.imjMKaO0NonY5Moq7Ozte3uxMlMzWwYQgdsgebyR_EI6vkS8&bucket=hf-hub-lfs-us-east-1&prefix=repos%2F3e%2F9d%2F3e9d634d88080d9b990b6fc7e53431e479c139ccf03b43a38cf951c0067b93a4&expiration=Tue%2C+19+Mar+2024+04%3A29%3A27+GMT&signature=ec9cd67c0ed6568018abfdc1f195ec9d10160cc9b9e307ccc10bad04f8257e8d HTTP/1.1" 200 16
2024-03-17 23:29:28,458 - DEBUG - https://huggingface.co:443 "POST /api/complete_multipart?uploadId=ifbA5EUN4YoSvJYVR4_pcY.f6u1NoECigi6aIQPGydXHoJQYjpCNcd7tCwTxaewSFlQ8WTfDe6R1p8jRPlt5IIkNY6XxXLsoOomJBs7LQrwXqZIOindljSpKI.Y42RFr&bucket=hf-hub-lfs-us-east-1&prefix=repos%2F3e%2F9d%2F3e9d634d88080d9b990b6fc7e53431e479c139ccf03b43a38cf951c0067b93a4&expiration=Tue%2C+19+Mar+2024+04%3A29%3A27+GMT&signature=0d63e09208f15b9273abe757ed2c47a6a2729e1d7c1f77692888d72df2f2d0d3 HTTP/1.1" 200 16
2024-03-17 23:29:28,475 - DEBUG - https://huggingface.co:443 "POST /api/complete_multipart?uploadId=pRm0_IACWUQqr6Tb8aoqLeLVzMHWtfKMNzzzKv4x_4f4OZCziyhSo7PJspPbfAulvrALnBcDYLUjpEZbAAb_E5rFQEQHSfQq1.pZDOhVNaW3mIixGJnHI.WgG.NIvrxa&bucket=hf-hub-lfs-us-east-1&prefix=repos%2F3e%2F9d%2F3e9d634d88080d9b990b6fc7e53431e479c139ccf03b43a38cf951c0067b93a4&expiration=Tue%2C+19+Mar+2024+04%3A29%3A27+GMT&signature=848d45a7e262aea6eab994dfa374a0ff6478ab57a62e7ffc1776e55f4d384a05 HTTP/1.1" 200 16
2024-03-17 23:29:28,481 - DEBUG - https://huggingface.co:443 "POST /api/complete_multipart?uploadId=Ogad4GaW5FGxCePOyy0rOhDf20rzp7HqYt5MqGrME3ctUJqkCamotm68nJVTY88vM3CxAZ.dSN6faLreAMyrXGORhx_L6W8nRtNHLv70ypN7zhDx1JMD1fPnxb97qK_H&bucket=hf-hub-lfs-us-east-1&prefix=repos%2F3e%2F9d%2F3e9d634d88080d9b990b6fc7e53431e479c139ccf03b43a38cf951c0067b93a4&expiration=Tue%2C+19+Mar+2024+04%3A29%3A27+GMT&signature=fe077c4c7dd234af945f37aae264566c4635321eb727dc28e1773c418e06d7ad HTTP/1.1" 200 16
2024-03-17 23:29:28,520 - DEBUG - https://hf-hub-lfs-us-east-1.s3-accelerate.amazonaws.com:443 "PUT /repos/3e/9d/3e9d634d88080d9b990b6fc7e53431e479c139ccf03b43a38cf951c0067b93a4/9fff0e0d92270afade270c8a572bb6cd4018996fe70eb245c5a6416dabec2b64?X-Amz-Algorithm=AWS4-HMAC-SHA256&X-Amz-Content-Sha256=UNSIGNED-PAYLOAD&X-Amz-Credential=AKIA2JU7TKAQFN2FTF47%2F20240318%2Fus-east-1%2Fs3%2Faws4_request&X-Amz-Date=20240318T042927Z&X-Amz-Expires=86400&X-Amz-Signature=c1770507fa6fcb6e34d3af873c8766ee17a7691a3fadc5b46c04931223810e80&X-Amz-SignedHeaders=host&partNumber=1&uploadId=l0DffOXklZnpm8emLpHxIGR8LjPLgj0u9_ASPU8KiTyLrBacZqT3N7cGxYszShvAri8x2HpR4X3nEFRGDaWYzth3HMrT5xeqzV.DwQkLj0IIKI9WvSPlWYGFFKQEHcrt&x-id=UploadPart HTTP/1.1" 200 0
2024-03-17 23:29:28,535 - DEBUG - https://hf-hub-lfs-us-east-1.s3-accelerate.amazonaws.com:443 "PUT /repos/3e/9d/3e9d634d88080d9b990b6fc7e53431e479c139ccf03b43a38cf951c0067b93a4/ae0ea60dc7ab3fdad2690b10217b4d4fcf1688ffde5d3628ea017ccc8cab31d2?X-Amz-Algorithm=AWS4-HMAC-SHA256&X-Amz-Content-Sha256=UNSIGNED-PAYLOAD&X-Amz-Credential=AKIA2JU7TKAQFN2FTF47%2F20240318%2Fus-east-1%2Fs3%2Faws4_request&X-Amz-Date=20240318T042927Z&X-Amz-Expires=86400&X-Amz-Signature=5c93d984917d9d42a28f9bbfda4672ff3ebfa25921f99b73def1750598b236a8&X-Amz-SignedHeaders=host&partNumber=1&uploadId=lWmHOnkxiCc4IRtcdHgQ_9PgTCf_whHuWJ1exAKKgR7Ltc8RZZIspfm4PkBn7dkO9nu3Qqa7Bse5kZrzwBgyYI85ZeWHqjCaG5oZMOii1iCmU9l_ay1WxQas4cgSLpMe&x-id=UploadPart HTTP/1.1" 200 0
2024-03-17 23:29:28,548 - DEBUG - https://hf-hub-lfs-us-east-1.s3-accelerate.amazonaws.com:443 "PUT /repos/3e/9d/3e9d634d88080d9b990b6fc7e53431e479c139ccf03b43a38cf951c0067b93a4/df5ea7eb32d525ace8650ad6f06f1436c717b0bcb48977c6f8e20f0c1fd023a4?X-Amz-Algorithm=AWS4-HMAC-SHA256&X-Amz-Content-Sha256=UNSIGNED-PAYLOAD&X-Amz-Credential=AKIA2JU7TKAQFN2FTF47%2F20240318%2Fus-east-1%2Fs3%2Faws4_request&X-Amz-Date=20240318T042927Z&X-Amz-Expires=86400&X-Amz-Signature=7fe99311eb80408ee108ed6c9880d86a3db8e1e65a5c904706fc7640c720bee2&X-Amz-SignedHeaders=host&partNumber=1&uploadId=fPf.6dqwAJxrHu9RqzxOk8D8oixg2VpRDfeylvUIXUEBRBbmRcIpMh2Y4cxKAALDZXNWWG4CSTgOXiV472Vphl6BS9Bf7oXIuHh68s1V8_zjqjbAaaVrgVd97B_bVadI&x-id=UploadPart HTTP/1.1" 200 0
2024-03-17 23:29:28,570 - DEBUG - https://hf-hub-lfs-us-east-1.s3-accelerate.amazonaws.com:443 "PUT /repos/3e/9d/3e9d634d88080d9b990b6fc7e53431e479c139ccf03b43a38cf951c0067b93a4/e7c6b28b2a3474a9e63022510eb3a49931810c7372632d0735c9609c8fe74894?X-Amz-Algorithm=AWS4-HMAC-SHA256&X-Amz-Content-Sha256=UNSIGNED-PAYLOAD&X-Amz-Credential=AKIA2JU7TKAQFN2FTF47%2F20240318%2Fus-east-1%2Fs3%2Faws4_request&X-Amz-Date=20240318T042927Z&X-Amz-Expires=86400&X-Amz-Signature=f1365510ab4c54b7c1b90f83f8280325df55477b7594650ec1cd57551602e5c9&X-Amz-SignedHeaders=host&partNumber=1&uploadId=0Nh9m3Us9h8bhxibmyNnoDoA3N9xW4JLpg3GNa5QdKWkFT77U.70F.IPWzrHye84GZhbfvzCLuJtSN5MzTWUj389PO.SFmzIZFRtLYkxuZgnTtRUva8Bl_7iao90aisR&x-id=UploadPart HTTP/1.1" 200 0
2024-03-17 23:29:28,582 - DEBUG - https://hf-hub-lfs-us-east-1.s3-accelerate.amazonaws.com:443 "PUT /repos/3e/9d/3e9d634d88080d9b990b6fc7e53431e479c139ccf03b43a38cf951c0067b93a4/27b4aff270e4fc5645206a025a05353e93fda6f1c910b25c9bef6fb922c10d3d?X-Amz-Algorithm=AWS4-HMAC-SHA256&X-Amz-Content-Sha256=UNSIGNED-PAYLOAD&X-Amz-Credential=AKIA2JU7TKAQFN2FTF47%2F20240318%2Fus-east-1%2Fs3%2Faws4_request&X-Amz-Date=20240318T042927Z&X-Amz-Expires=86400&X-Amz-Signature=06cfa999e8d6f1fda9f2b39e03ae22c0d363c400bc64c5e6b7cff88f8e7c2c8f&X-Amz-SignedHeaders=host&partNumber=1&uploadId=5.VBlSJfuZ94LH0P_o7gGrvCmt4BQ88dEbH79Dny.BZWK_T3TiZd2dsdb.DW2y.UnwwAU6QUGFvCb1z_VSPwd1AyX0ia01WonJYE6lNEh98Eol1_ptt2nEvox.TwVnXD&x-id=UploadPart HTTP/1.1" 200 0
2024-03-17 23:29:28,704 - DEBUG - https://huggingface.co:443 "POST /api/complete_multipart?uploadId=lWmHOnkxiCc4IRtcdHgQ_9PgTCf_whHuWJ1exAKKgR7Ltc8RZZIspfm4PkBn7dkO9nu3Qqa7Bse5kZrzwBgyYI85ZeWHqjCaG5oZMOii1iCmU9l_ay1WxQas4cgSLpMe&bucket=hf-hub-lfs-us-east-1&prefix=repos%2F3e%2F9d%2F3e9d634d88080d9b990b6fc7e53431e479c139ccf03b43a38cf951c0067b93a4&expiration=Tue%2C+19+Mar+2024+04%3A29%3A27+GMT&signature=48f244d6e68d3405dabaa2d6c08bb292c1588046fe7d1670da2abe9986ab8dbb HTTP/1.1" 200 16
2024-03-17 23:29:28,742 - DEBUG - https://huggingface.co:443 "POST /api/complete_multipart?uploadId=0Nh9m3Us9h8bhxibmyNnoDoA3N9xW4JLpg3GNa5QdKWkFT77U.70F.IPWzrHye84GZhbfvzCLuJtSN5MzTWUj389PO.SFmzIZFRtLYkxuZgnTtRUva8Bl_7iao90aisR&bucket=hf-hub-lfs-us-east-1&prefix=repos%2F3e%2F9d%2F3e9d634d88080d9b990b6fc7e53431e479c139ccf03b43a38cf951c0067b93a4&expiration=Tue%2C+19+Mar+2024+04%3A29%3A27+GMT&signature=c993194d7a612880c47ab2dabac958d491db4ded6c9f46724cf7875b34ead130 HTTP/1.1" 200 16
2024-03-17 23:29:28,762 - DEBUG - https://huggingface.co:443 "POST /api/complete_multipart?uploadId=l0DffOXklZnpm8emLpHxIGR8LjPLgj0u9_ASPU8KiTyLrBacZqT3N7cGxYszShvAri8x2HpR4X3nEFRGDaWYzth3HMrT5xeqzV.DwQkLj0IIKI9WvSPlWYGFFKQEHcrt&bucket=hf-hub-lfs-us-east-1&prefix=repos%2F3e%2F9d%2F3e9d634d88080d9b990b6fc7e53431e479c139ccf03b43a38cf951c0067b93a4&expiration=Tue%2C+19+Mar+2024+04%3A29%3A27+GMT&signature=dc1689addd9e8e4b128cd7fba940e4da1773b4ac6e3ff3df6f95a0e5009f71fc HTTP/1.1" 200 16
2024-03-17 23:29:28,788 - DEBUG - https://huggingface.co:443 "POST /api/complete_multipart?uploadId=5.VBlSJfuZ94LH0P_o7gGrvCmt4BQ88dEbH79Dny.BZWK_T3TiZd2dsdb.DW2y.UnwwAU6QUGFvCb1z_VSPwd1AyX0ia01WonJYE6lNEh98Eol1_ptt2nEvox.TwVnXD&bucket=hf-hub-lfs-us-east-1&prefix=repos%2F3e%2F9d%2F3e9d634d88080d9b990b6fc7e53431e479c139ccf03b43a38cf951c0067b93a4&expiration=Tue%2C+19+Mar+2024+04%3A29%3A27+GMT&signature=e55d15930d9ddc618868df773fbb60e0e19088d546772c73b347cc5bf60b1dd6 HTTP/1.1" 200 16
2024-03-17 23:29:28,870 - DEBUG - https://huggingface.co:443 "POST /api/complete_multipart?uploadId=fPf.6dqwAJxrHu9RqzxOk8D8oixg2VpRDfeylvUIXUEBRBbmRcIpMh2Y4cxKAALDZXNWWG4CSTgOXiV472Vphl6BS9Bf7oXIuHh68s1V8_zjqjbAaaVrgVd97B_bVadI&bucket=hf-hub-lfs-us-east-1&prefix=repos%2F3e%2F9d%2F3e9d634d88080d9b990b6fc7e53431e479c139ccf03b43a38cf951c0067b93a4&expiration=Tue%2C+19+Mar+2024+04%3A29%3A27+GMT&signature=2aa347a8823820a44c3387c48e39f8e42d24a476695ec94f0cc008c06fe6a3b1 HTTP/1.1" 200 16
2024-03-17 23:29:29,922 - DEBUG - https://huggingface.co:443 "POST /api/models/shradha01/MLM_FinetunedModel/commit/main HTTP/1.1" 200 201
2024-03-17 23:29:30,933 - INFO - Predictions:
2024-03-17 23:29:30,933 - INFO - {'score': 0.9832784533500671, 'token': 1045, 'token_str': ' create', 'sequence': 'public Evaluation create(SimpleNode node, Object source)\n    {\n        return create(node, source, false);\n    }'}
2024-03-17 23:29:30,933 - INFO - {'score': 0.005185877904295921, 'token': 10516, 'token_str': ' evaluate', 'sequence': 'public Evaluation create(SimpleNode node, Object source)\n    {\n        return evaluate(node, source, false);\n    }'}
2024-03-17 23:29:30,934 - INFO - {'score': 0.0006226054392755032, 'token': 1119, 'token_str': ' build', 'sequence': 'public Evaluation create(SimpleNode node, Object source)\n    {\n        return build(node, source, false);\n    }'}
2024-03-17 23:29:30,934 - INFO - {'score': 0.0006070678355172276, 'token': 146, 'token_str': ' make', 'sequence': 'public Evaluation create(SimpleNode node, Object source)\n    {\n        return make(node, source, false);\n    }'}
2024-03-17 23:29:30,934 - INFO - {'score': 0.0004884351510554552, 'token': 37131, 'token_str': ' eval', 'sequence': 'public Evaluation create(SimpleNode node, Object source)\n    {\n        return eval(node, source, false);\n    }'}
2024-03-17 23:29:30,934 - INFO - Mean Reciprocal Rank (MRR): 0.45666666666666667
2024-03-17 23:29:30,940 - INFO - Mean Reciprocal Rank (MRR): 0.45666666666666667
2024-03-17 23:29:30,940 - INFO - Elapsed time: 4 minutes 27 seconds
2024-03-17 23:29:31,050 - DEBUG - Starting new HTTPS connection (1): o151352.ingest.sentry.io:443
2024-03-17 23:29:31,245 - DEBUG - https://o151352.ingest.sentry.io:443 "POST /api/4504800232407040/envelope/ HTTP/1.1" 200 0
